<?xml version="1.0" encoding="UTF-8"?>
<testsuite xmlns:xsi="http://www.w3.org/2001/XMLSchema-instance" xsi:noNamespaceSchemaLocation="https://maven.apache.org/surefire/maven-surefire-plugin/xsd/surefire-test-report-3.0.xsd" version="3.0" name="com.util.security.SecurityApplicationTests" time="1.31" tests="1" errors="0" skipped="0" failures="0">
  <properties>
[...]
</properties>
  <testcase name="contextLoads" classname="com.util.security.SecurityApplicationTests" time="0.393">
    <system-out><![CDATA[15:35:01.869 [main] INFO org.springframework.test.context.support.AnnotationConfigContextLoaderUtils -- Could not detect default configuration classes for test class [com.util.security.SecurityApplicationTests]: SecurityApplicationTests does not declare any static, non-private, non-final, nested classes annotated with @Configuration.
15:35:01.909 [main] INFO org.springframework.boot.test.context.SpringBootTestContextBootstrapper -- Found @SpringBootConfiguration com.util.security.SecurityApplication for test class com.util.security.SecurityApplicationTests

  .   ____          _            __ _ _
 /\\ / ___'_ __ _ _(_)_ __  __ _ \ \ \ \
( ( )\___ | '_ | '_| | '_ \/ _` | \ \ \ \
 \\/  ___)| |_)| | | | | || (_| |  ) ) ) )
  '  |____| .__|_| |_|_| |_\__, | / / / /
 =========|_|==============|___/=/_/_/_/
 :: Spring Boot ::                (v3.2.0)

2023-12-13T15:35:02.036+09:00  INFO 88398 --- [           main] c.u.security.SecurityApplicationTests    : Starting SecurityApplicationTests using Java 21.0.1 with PID 88398 (started by ikyoungtae in /Users/ikyoungtae/git/springSecurity)
2023-12-13T15:35:02.037+09:00  INFO 88398 --- [           main] c.u.security.SecurityApplicationTests    : No active profile set, falling back to 1 default profile: "default"
2023-12-13T15:35:02.392+09:00  WARN 88398 --- [           main] o.s.security.core.userdetails.User       : User.withDefaultPasswordEncoder() is considered unsafe for production and is only intended for sample applications.
2023-12-13T15:35:02.574+09:00  INFO 88398 --- [           main] o.s.s.web.DefaultSecurityFilterChain     : Will secure any request with [org.springframework.security.web.session.DisableEncodeUrlFilter@311ff287, org.springframework.security.web.context.request.async.WebAsyncManagerIntegrationFilter@7377781e, org.springframework.security.web.context.SecurityContextHolderFilter@dd2856e, org.springframework.security.web.header.HeaderWriterFilter@4833eff3, org.springframework.web.filter.CorsFilter@31db34da, org.springframework.security.web.csrf.CsrfFilter@717d7587, org.springframework.security.web.authentication.logout.LogoutFilter@345cbf40, org.springframework.security.web.authentication.UsernamePasswordAuthenticationFilter@47e51549, org.springframework.security.web.savedrequest.RequestCacheAwareFilter@3b1dc579, org.springframework.security.web.servletapi.SecurityContextHolderAwareRequestFilter@793d163b, org.springframework.security.web.authentication.AnonymousAuthenticationFilter@109f8c7e, org.springframework.security.web.access.ExceptionTranslationFilter@2676dc05, org.springframework.security.web.access.intercept.AuthorizationFilter@f5ce0bb]
2023-12-13T15:35:02.697+09:00  INFO 88398 --- [           main] c.u.security.SecurityApplicationTests    : Started SecurityApplicationTests in 0.74 seconds (process running for 1.146)
]]></system-out>
    <system-err><![CDATA[WARNING: A Java agent has been loaded dynamically (/Users/ikyoungtae/.m2/repository/net/bytebuddy/byte-buddy-agent/1.14.10/byte-buddy-agent-1.14.10.jar)
WARNING: If a serviceability tool is in use, please run with -XX:+EnableDynamicAgentLoading to hide this warning
WARNING: If a serviceability tool is not in use, please run with -Djdk.instrument.traceUsage for more information
WARNING: Dynamic loading of agents will be disallowed by default in a future release
]]></system-err>
  </testcase>
</testsuite>